Analysis & Synthesis report for memory
Thu Apr 06 21:16:47 2017
Quartus II 64-Bit Version 13.0.1 Build 232 06/12/2013 Service Pack 1 SJ Web Edition


---------------------
; Table of Contents ;
---------------------
  1. Legal Notice
  2. Analysis & Synthesis Summary
  3. Analysis & Synthesis Settings
  4. Parallel Compilation
  5. Analysis & Synthesis Source Files Read
  6. Analysis & Synthesis Resource Usage Summary
  7. Analysis & Synthesis Resource Utilization by Entity
  8. General Register Statistics
  9. Elapsed Time Per Partition
 10. Analysis & Synthesis Messages



----------------
; Legal Notice ;
----------------
Copyright (C) 1991-2013 Altera Corporation
Your use of Altera Corporation's design tools, logic functions 
and other software and tools, and its AMPP partner logic 
functions, and any output files from any of the foregoing 
(including device programming or simulation files), and any 
associated documentation or information are expressly subject 
to the terms and conditions of the Altera Program License 
Subscription Agreement, Altera MegaCore Function License 
Agreement, or other applicable license agreement, including, 
without limitation, that your use is for the sole purpose of 
programming logic devices manufactured by Altera and sold by 
Altera or its authorized distributors.  Please refer to the 
applicable agreement for further details.



+--------------------------------------------------------------------------------------+
; Analysis & Synthesis Summary                                                         ;
+------------------------------------+-------------------------------------------------+
; Analysis & Synthesis Status        ; Successful - Thu Apr 06 21:16:47 2017           ;
; Quartus II 64-Bit Version          ; 13.0.1 Build 232 06/12/2013 SP 1 SJ Web Edition ;
; Revision Name                      ; memory                                          ;
; Top-level Entity Name              ; MemDecoder                                      ;
; Family                             ; Cyclone II                                      ;
; Total logic elements               ; 16                                              ;
;     Total combinational functions  ; 16                                              ;
;     Dedicated logic registers      ; 0                                               ;
; Total registers                    ; 0                                               ;
; Total pins                         ; 44                                              ;
; Total virtual pins                 ; 0                                               ;
; Total memory bits                  ; 0                                               ;
; Embedded Multiplier 9-bit elements ; 0                                               ;
; Total PLLs                         ; 0                                               ;
+------------------------------------+-------------------------------------------------+


+----------------------------------------------------------------------------------------------------------------------+
; Analysis & Synthesis Settings                                                                                        ;
+----------------------------------------------------------------------------+--------------------+--------------------+
; Option                                                                     ; Setting            ; Default Value      ;
+----------------------------------------------------------------------------+--------------------+--------------------+
; Device                                                                     ; EP2C20F484C7       ;                    ;
; Top-level entity name                                                      ; MemDecoder         ; memory             ;
; Family name                                                                ; Cyclone II         ; Cyclone IV GX      ;
; Use smart compilation                                                      ; Off                ; Off                ;
; Enable parallel Assembler and TimeQuest Timing Analyzer during compilation ; On                 ; On                 ;
; Enable compact report table                                                ; Off                ; Off                ;
; Restructure Multiplexers                                                   ; Auto               ; Auto               ;
; Create Debugging Nodes for IP Cores                                        ; Off                ; Off                ;
; Preserve fewer node names                                                  ; On                 ; On                 ;
; Disable OpenCore Plus hardware evaluation                                  ; Off                ; Off                ;
; Verilog Version                                                            ; Verilog_2001       ; Verilog_2001       ;
; VHDL Version                                                               ; VHDL_1993          ; VHDL_1993          ;
; State Machine Processing                                                   ; Auto               ; Auto               ;
; Safe State Machine                                                         ; Off                ; Off                ;
; Extract Verilog State Machines                                             ; On                 ; On                 ;
; Extract VHDL State Machines                                                ; On                 ; On                 ;
; Ignore Verilog initial constructs                                          ; Off                ; Off                ;
; Iteration limit for constant Verilog loops                                 ; 5000               ; 5000               ;
; Iteration limit for non-constant Verilog loops                             ; 250                ; 250                ;
; Add Pass-Through Logic to Inferred RAMs                                    ; On                 ; On                 ;
; Infer RAMs from Raw Logic                                                  ; On                 ; On                 ;
; Parallel Synthesis                                                         ; On                 ; On                 ;
; DSP Block Balancing                                                        ; Auto               ; Auto               ;
; NOT Gate Push-Back                                                         ; On                 ; On                 ;
; Power-Up Don't Care                                                        ; On                 ; On                 ;
; Remove Redundant Logic Cells                                               ; Off                ; Off                ;
; Remove Duplicate Registers                                                 ; On                 ; On                 ;
; Ignore CARRY Buffers                                                       ; Off                ; Off                ;
; Ignore CASCADE Buffers                                                     ; Off                ; Off                ;
; Ignore GLOBAL Buffers                                                      ; Off                ; Off                ;
; Ignore ROW GLOBAL Buffers                                                  ; Off                ; Off                ;
; Ignore LCELL Buffers                                                       ; Off                ; Off                ;
; Ignore SOFT Buffers                                                        ; On                 ; On                 ;
; Limit AHDL Integers to 32 Bits                                             ; Off                ; Off                ;
; Optimization Technique                                                     ; Balanced           ; Balanced           ;
; Carry Chain Length                                                         ; 70                 ; 70                 ;
; Auto Carry Chains                                                          ; On                 ; On                 ;
; Auto Open-Drain Pins                                                       ; On                 ; On                 ;
; Perform WYSIWYG Primitive Resynthesis                                      ; Off                ; Off                ;
; Auto ROM Replacement                                                       ; On                 ; On                 ;
; Auto RAM Replacement                                                       ; On                 ; On                 ;
; Auto Shift Register Replacement                                            ; Auto               ; Auto               ;
; Allow Shift Register Merging across Hierarchies                            ; Auto               ; Auto               ;
; Auto Clock Enable Replacement                                              ; On                 ; On                 ;
; Strict RAM Replacement                                                     ; Off                ; Off                ;
; Allow Synchronous Control Signals                                          ; On                 ; On                 ;
; Force Use of Synchronous Clear Signals                                     ; Off                ; Off                ;
; Auto RAM to Logic Cell Conversion                                          ; Off                ; Off                ;
; Auto Resource Sharing                                                      ; Off                ; Off                ;
; Allow Any RAM Size For Recognition                                         ; Off                ; Off                ;
; Allow Any ROM Size For Recognition                                         ; Off                ; Off                ;
; Allow Any Shift Register Size For Recognition                              ; Off                ; Off                ;
; Use LogicLock Constraints during Resource Balancing                        ; On                 ; On                 ;
; Ignore translate_off and synthesis_off directives                          ; Off                ; Off                ;
; Timing-Driven Synthesis                                                    ; Off                ; Off                ;
; Report Parameter Settings                                                  ; On                 ; On                 ;
; Report Source Assignments                                                  ; On                 ; On                 ;
; Report Connectivity Checks                                                 ; On                 ; On                 ;
; Ignore Maximum Fan-Out Assignments                                         ; Off                ; Off                ;
; Synchronization Register Chain Length                                      ; 2                  ; 2                  ;
; PowerPlay Power Optimization                                               ; Normal compilation ; Normal compilation ;
; HDL message level                                                          ; Level2             ; Level2             ;
; Suppress Register Optimization Related Messages                            ; Off                ; Off                ;
; Number of Removed Registers Reported in Synthesis Report                   ; 5000               ; 5000               ;
; Number of Swept Nodes Reported in Synthesis Report                         ; 5000               ; 5000               ;
; Number of Inverted Registers Reported in Synthesis Report                  ; 100                ; 100                ;
; Clock MUX Protection                                                       ; On                 ; On                 ;
; Auto Gated Clock Conversion                                                ; Off                ; Off                ;
; Block Design Naming                                                        ; Auto               ; Auto               ;
; SDC constraint protection                                                  ; Off                ; Off                ;
; Synthesis Effort                                                           ; Auto               ; Auto               ;
; Shift Register Replacement - Allow Asynchronous Clear Signal               ; On                 ; On                 ;
; Pre-Mapping Resynthesis Optimization                                       ; Off                ; Off                ;
; Analysis & Synthesis Message Level                                         ; Medium             ; Medium             ;
; Disable Register Merging Across Hierarchies                                ; Auto               ; Auto               ;
; Resource Aware Inference For Block RAM                                     ; On                 ; On                 ;
; Synthesis Seed                                                             ; 1                  ; 1                  ;
+----------------------------------------------------------------------------+--------------------+--------------------+


Parallel compilation was disabled, but you have multiple processors available. Enable parallel compilation to reduce compilation time.
+-------------------------------------+
; Parallel Compilation                ;
+----------------------------+--------+
; Processors                 ; Number ;
+----------------------------+--------+
; Number detected on machine ; 4      ;
; Maximum allowed            ; 1      ;
+----------------------------+--------+


+-------------------------------------------------------------------------------------------------------------------------------------------------------------------+
; Analysis & Synthesis Source Files Read                                                                                                                            ;
+----------------------------------+-----------------+------------------------------------+---------------------------------------------------------------+---------+
; File Name with User-Entered Path ; Used in Netlist ; File Type                          ; File Name with Absolute Path                                  ; Library ;
+----------------------------------+-----------------+------------------------------------+---------------------------------------------------------------+---------+
; segControl.vhd                   ; yes             ; User VHDL File                     ; C:/Users/Asus PC/Desktop/imty/Lab/EAS/prac2/segControl.vhd    ;         ;
; 2_4_decoder.bdf                  ; yes             ; User Block Diagram/Schematic File  ; C:/Users/Asus PC/Desktop/imty/Lab/EAS/prac2/2_4_decoder.bdf   ;         ;
; decoder.bdf                      ; yes             ; User Block Diagram/Schematic File  ; C:/Users/Asus PC/Desktop/imty/Lab/EAS/prac2/decoder.bdf       ;         ;
; byteDevice.vhd                   ; yes             ; User VHDL File                     ; C:/Users/Asus PC/Desktop/imty/Lab/EAS/prac2/byteDevice.vhd    ;         ;
; RAM_decoder.bdf                  ; yes             ; User Block Diagram/Schematic File  ; C:/Users/Asus PC/Desktop/imty/Lab/EAS/prac2/RAM_decoder.bdf   ;         ;
; MemDecoder.bdf                   ; yes             ; User Block Diagram/Schematic File  ; C:/Users/Asus PC/Desktop/imty/Lab/EAS/prac2/MemDecoder.bdf    ;         ;
; memDecoderSeg.vhd                ; yes             ; User VHDL File                     ; C:/Users/Asus PC/Desktop/imty/Lab/EAS/prac2/memDecoderSeg.vhd ;         ;
; loadData.bdf                     ; yes             ; User Block Diagram/Schematic File  ; C:/Users/Asus PC/Desktop/imty/Lab/EAS/prac2/loadData.bdf      ;         ;
; loadRAM.vhd                      ; yes             ; User VHDL File                     ; C:/Users/Asus PC/Desktop/imty/Lab/EAS/prac2/loadRAM.vhd       ;         ;
+----------------------------------+-----------------+------------------------------------+---------------------------------------------------------------+---------+


+-----------------------------------------------------+
; Analysis & Synthesis Resource Usage Summary         ;
+---------------------------------------------+-------+
; Resource                                    ; Usage ;
+---------------------------------------------+-------+
; Estimated Total logic elements              ; 16    ;
;                                             ;       ;
; Total combinational functions               ; 16    ;
; Logic element usage by number of LUT inputs ;       ;
;     -- 4 input functions                    ; 0     ;
;     -- 3 input functions                    ; 16    ;
;     -- <=2 input functions                  ; 0     ;
;                                             ;       ;
; Logic elements by mode                      ;       ;
;     -- normal mode                          ; 16    ;
;     -- arithmetic mode                      ; 0     ;
;                                             ;       ;
; Total registers                             ; 0     ;
;     -- Dedicated logic registers            ; 0     ;
;     -- I/O registers                        ; 0     ;
;                                             ;       ;
; I/O pins                                    ; 44    ;
; Embedded Multiplier 9-bit elements          ; 0     ;
; Maximum fan-out node                        ; SW[0] ;
; Maximum fan-out                             ; 16    ;
; Total fan-out                               ; 64    ;
; Average fan-out                             ; 1.07  ;
+---------------------------------------------+-------+


+--------------------------------------------------------------------------------------------------------------------------------------------------------------------------------------------------------+
; Analysis & Synthesis Resource Utilization by Entity                                                                                                                                                    ;
+----------------------------+-------------------+--------------+-------------+--------------+---------+-----------+------+--------------+------------------------------------------------+--------------+
; Compilation Hierarchy Node ; LC Combinationals ; LC Registers ; Memory Bits ; DSP Elements ; DSP 9x9 ; DSP 18x18 ; Pins ; Virtual Pins ; Full Hierarchy Name                            ; Library Name ;
+----------------------------+-------------------+--------------+-------------+--------------+---------+-----------+------+--------------+------------------------------------------------+--------------+
; |MemDecoder                ; 16 (1)            ; 0 (0)        ; 0           ; 0            ; 0       ; 0         ; 44   ; 0            ; |MemDecoder                                    ; work         ;
;    |decoder:inst|          ; 7 (0)             ; 0 (0)        ; 0           ; 0            ; 0       ; 0         ; 0    ; 0            ; |MemDecoder|decoder:inst                       ; work         ;
;       |2_4_decoder:inst|   ; 7 (7)             ; 0 (0)        ; 0           ; 0            ; 0       ; 0         ; 0    ; 0            ; |MemDecoder|decoder:inst|2_4_decoder:inst      ; work         ;
;    |loadData:Loadinst|     ; 8 (0)             ; 0 (0)        ; 0           ; 0            ; 0       ; 0         ; 0    ; 0            ; |MemDecoder|loadData:Loadinst                  ; work         ;
;       |segControl:inst5|   ; 8 (8)             ; 0 (0)        ; 0           ; 0            ; 0       ; 0         ; 0    ; 0            ; |MemDecoder|loadData:Loadinst|segControl:inst5 ; work         ;
+----------------------------+-------------------+--------------+-------------+--------------+---------+-----------+------+--------------+------------------------------------------------+--------------+
Note: For table entries with two numbers listed, the numbers in parentheses indicate the number of resources of the given type used by the specific entity alone. The numbers listed outside of parentheses indicate the total resources of the given type used by the specific entity and all of its sub-entities in the hierarchy.


+------------------------------------------------------+
; General Register Statistics                          ;
+----------------------------------------------+-------+
; Statistic                                    ; Value ;
+----------------------------------------------+-------+
; Total registers                              ; 0     ;
; Number of registers using Synchronous Clear  ; 0     ;
; Number of registers using Synchronous Load   ; 0     ;
; Number of registers using Asynchronous Clear ; 0     ;
; Number of registers using Asynchronous Load  ; 0     ;
; Number of registers using Clock Enable       ; 0     ;
; Number of registers using Preset             ; 0     ;
+----------------------------------------------+-------+


+-------------------------------+
; Elapsed Time Per Partition    ;
+----------------+--------------+
; Partition Name ; Elapsed Time ;
+----------------+--------------+
; Top            ; 00:00:00     ;
+----------------+--------------+


+-------------------------------+
; Analysis & Synthesis Messages ;
+-------------------------------+
Info: *******************************************************************
Info: Running Quartus II 64-Bit Analysis & Synthesis
    Info: Version 13.0.1 Build 232 06/12/2013 Service Pack 1 SJ Web Edition
    Info: Processing started: Thu Apr 06 21:16:44 2017
Info: Command: quartus_map --read_settings_files=on --write_settings_files=off memory -c memory
Warning (20028): Parallel compilation is not licensed and has been disabled
Info (12021): Found 2 design units, including 1 entities, in source file memorycontroller.vhd
    Info (12022): Found design unit 1: memoryController-controller
    Info (12023): Found entity 1: memoryController
Info (12021): Found 1 design units, including 1 entities, in source file memory.bdf
    Info (12023): Found entity 1: memory
Info (12021): Found 2 design units, including 1 entities, in source file readmodecontroller.vhd
    Info (12022): Found design unit 1: readModeController-control
    Info (12023): Found entity 1: readModeController
Info (12021): Found 2 design units, including 1 entities, in source file writemodecontroller.vhd
    Info (12022): Found design unit 1: writeModeController-control
    Info (12023): Found entity 1: writeModeController
Info (12021): Found 2 design units, including 1 entities, in source file processread.vhd
    Info (12022): Found design unit 1: processReadWrite-control
    Info (12023): Found entity 1: processReadWrite
Info (12021): Found 2 design units, including 1 entities, in source file nibbleblock.vhd
    Info (12022): Found design unit 1: nibbleBlock-control
    Info (12023): Found entity 1: nibbleBlock
Info (12021): Found 2 design units, including 1 entities, in source file segcontrol.vhd
    Info (12022): Found design unit 1: segControl-control
    Info (12023): Found entity 1: segControl
Info (12021): Found 2 design units, including 1 entities, in source file segreadcontroller.vhd
    Info (12022): Found design unit 1: segReadController-control
    Info (12023): Found entity 1: segReadController
Info (12021): Found 2 design units, including 1 entities, in source file byteblock.vhd
    Info (12022): Found design unit 1: byteBlock-control
    Info (12023): Found entity 1: byteBlock
Info (12021): Found 2 design units, including 1 entities, in source file ps2control.vhd
    Info (12022): Found design unit 1: ps2control-control
    Info (12023): Found entity 1: ps2Control
Info (12021): Found 2 design units, including 1 entities, in source file convertkey.vhd
    Info (12022): Found design unit 1: convertKey-control
    Info (12023): Found entity 1: convertKey
Info (12021): Found 1 design units, including 1 entities, in source file test.bdf
    Info (12023): Found entity 1: test
Warning (12019): Can't analyze file -- file output_files/decoder.bdf is missing
Warning (12019): Can't analyze file -- file output_files/2_4_decoder.bdf is missing
Info (12021): Found 1 design units, including 1 entities, in source file 2_4_decoder.bdf
    Info (12023): Found entity 1: 2_4_decoder
Info (12021): Found 1 design units, including 1 entities, in source file decoder.bdf
    Info (12023): Found entity 1: decoder
Info (12021): Found 2 design units, including 1 entities, in source file bytedevice.vhd
    Info (12022): Found design unit 1: RAM-control
    Info (12023): Found entity 1: RAM
Info (12021): Found 1 design units, including 1 entities, in source file ram_decoder.bdf
    Info (12023): Found entity 1: RAM_decoder
Info (12021): Found 1 design units, including 1 entities, in source file memdecoder.bdf
    Info (12023): Found entity 1: MemDecoder
Info (12021): Found 2 design units, including 1 entities, in source file memdecoderseg.vhd
    Info (12022): Found design unit 1: MemoryDecoderSeg-control
    Info (12023): Found entity 1: MemoryDecoderSeg
Info (12021): Found 1 design units, including 1 entities, in source file loaddata.bdf
    Info (12023): Found entity 1: loadData
Info (12021): Found 2 design units, including 1 entities, in source file loadram.vhd
    Info (12022): Found design unit 1: loadRAM-control
    Info (12023): Found entity 1: loadRAM
Info (12127): Elaborating entity "MemDecoder" for the top level hierarchy
Info (12128): Elaborating entity "loadData" for hierarchy "loadData:Loadinst"
Info (12128): Elaborating entity "MemoryDecoderSeg" for hierarchy "loadData:Loadinst|MemoryDecoderSeg:inst3"
Warning (10540): VHDL Signal Declaration warning at memDecoderSeg.vhd(27): used explicit default value for signal "display1" because signal was never assigned a value
Warning (10540): VHDL Signal Declaration warning at memDecoderSeg.vhd(28): used explicit default value for signal "display2" because signal was never assigned a value
Warning (10540): VHDL Signal Declaration warning at memDecoderSeg.vhd(29): used explicit default value for signal "display3" because signal was never assigned a value
Info (12128): Elaborating entity "RAM" for hierarchy "loadData:Loadinst|RAM:inst"
Info (12128): Elaborating entity "loadRAM" for hierarchy "loadData:Loadinst|loadRAM:inst4"
Info (12128): Elaborating entity "segControl" for hierarchy "loadData:Loadinst|segControl:inst5"
Info (12128): Elaborating entity "decoder" for hierarchy "decoder:inst"
Info (12128): Elaborating entity "2_4_decoder" for hierarchy "decoder:inst|2_4_decoder:inst"
Info (12128): Elaborating entity "RAM_decoder" for hierarchy "decoder:inst|RAM_decoder:inst1"
Warning (13024): Output pins are stuck at VCC or GND
    Warning (13410): Pin "nul" is stuck at GND
    Warning (13410): Pin "nul0" is stuck at GND
    Warning (13410): Pin "nul1" is stuck at GND
    Warning (13410): Pin "nul2" is stuck at GND
    Warning (13410): Pin "HEX1[6]" is stuck at VCC
    Warning (13410): Pin "HEX1[5]" is stuck at VCC
    Warning (13410): Pin "HEX1[4]" is stuck at VCC
    Warning (13410): Pin "HEX1[3]" is stuck at VCC
    Warning (13410): Pin "HEX1[2]" is stuck at VCC
    Warning (13410): Pin "HEX1[1]" is stuck at VCC
    Warning (13410): Pin "HEX1[0]" is stuck at VCC
    Warning (13410): Pin "HEX2[6]" is stuck at VCC
    Warning (13410): Pin "HEX2[5]" is stuck at VCC
    Warning (13410): Pin "HEX2[4]" is stuck at VCC
    Warning (13410): Pin "HEX2[3]" is stuck at VCC
    Warning (13410): Pin "HEX2[2]" is stuck at VCC
    Warning (13410): Pin "HEX2[1]" is stuck at VCC
    Warning (13410): Pin "HEX2[0]" is stuck at VCC
    Warning (13410): Pin "HEX3[6]" is stuck at VCC
    Warning (13410): Pin "HEX3[5]" is stuck at VCC
    Warning (13410): Pin "HEX3[4]" is stuck at VCC
    Warning (13410): Pin "HEX3[3]" is stuck at VCC
    Warning (13410): Pin "HEX3[2]" is stuck at VCC
    Warning (13410): Pin "HEX3[1]" is stuck at VCC
    Warning (13410): Pin "HEX3[0]" is stuck at VCC
Info (16010): Generating hard_block partition "hard_block:auto_generated_inst"
    Info (16011): Adding 0 node(s), including 0 DDIO, 0 PLL, 0 transceiver and 0 LCELL
Info (21057): Implemented 60 device resources after synthesis - the final resource count might be different
    Info (21058): Implemented 3 input pins
    Info (21059): Implemented 41 output pins
    Info (21061): Implemented 16 logic cells
Info: Quartus II 64-Bit Analysis & Synthesis was successful. 0 errors, 32 warnings
    Info: Peak virtual memory: 535 megabytes
    Info: Processing ended: Thu Apr 06 21:16:47 2017
    Info: Elapsed time: 00:00:03
    Info: Total CPU time (on all processors): 00:00:02


